{"/home/jesse/projects/SquadGames/squad-protocol/lib/src/index.ts": {"path":"/home/jesse/projects/SquadGames/squad-protocol/lib/src/index.ts","statementMap":{"0":{"start":{"line":1,"column":0},"end":{"line":1,"column":24}},"1":{"start":{"line":2,"column":0},"end":{"line":2,"column":28}},"2":{"start":{"line":3,"column":0},"end":{"line":3,"column":28}},"3":{"start":{"line":24,"column":25},"end":{"line":24,"column":75}},"4":{"start":{"line":27,"column":2},"end":{"line":27,"column":null}},"5":{"start":{"line":26,"column":0},"end":{"line":26,"column":16}},"6":{"start":{"line":31,"column":2},"end":{"line":33,"column":null}},"7":{"start":{"line":32,"column":4},"end":{"line":32,"column":null}},"8":{"start":{"line":34,"column":25},"end":{"line":34,"column":55}},"9":{"start":{"line":35,"column":21},"end":{"line":36,"column":null}},"10":{"start":{"line":38,"column":15},"end":{"line":38,"column":37}},"11":{"start":{"line":39,"column":2},"end":{"line":39,"column":null}},"12":{"start":{"line":40,"column":2},"end":{"line":40,"column":null}},"13":{"start":{"line":30,"column":0},"end":{"line":30,"column":16}},"14":{"start":{"line":44,"column":17},"end":{"line":44,"column":28}},"15":{"start":{"line":45,"column":26},"end":{"line":45,"column":46}},"16":{"start":{"line":46,"column":2},"end":{"line":50,"column":null}},"17":{"start":{"line":47,"column":4},"end":{"line":49,"column":null}},"18":{"start":{"line":52,"column":4},"end":{"line":52,"column":68}},"19":{"start":{"line":53,"column":30},"end":{"line":53,"column":78}},"20":{"start":{"line":54,"column":2},"end":{"line":56,"column":null}},"21":{"start":{"line":55,"column":4},"end":{"line":55,"column":null}},"22":{"start":{"line":57,"column":2},"end":{"line":62,"column":null}},"23":{"start":{"line":58,"column":20},"end":{"line":58,"column":71}},"24":{"start":{"line":59,"column":4},"end":{"line":59,"column":null}},"25":{"start":{"line":61,"column":4},"end":{"line":61,"column":null}},"26":{"start":{"line":43,"column":0},"end":{"line":43,"column":16}}},"fnMap":{"0":{"name":"getConfig","decl":{"start":{"line":26,"column":16},"end":{"line":26,"column":25}},"loc":{"start":{"line":26,"column":50},"end":{"line":28,"column":1}}},"1":{"name":"writeConfig","decl":{"start":{"line":30,"column":16},"end":{"line":30,"column":27}},"loc":{"start":{"line":30,"column":72},"end":{"line":41,"column":1}}},"2":{"name":"getSecrets","decl":{"start":{"line":43,"column":16},"end":{"line":43,"column":26}},"loc":{"start":{"line":43,"column":26},"end":{"line":63,"column":1}}}},"branchMap":{"0":{"loc":{"start":{"line":26,"column":34},"end":{"line":26,"column":50}},"type":"default-arg","locations":[{"start":{"line":26,"column":34},"end":{"line":26,"column":50}}]},"1":{"loc":{"start":{"line":30,"column":63},"end":{"line":30,"column":72}},"type":"default-arg","locations":[{"start":{"line":30,"column":63},"end":{"line":30,"column":72}}]},"2":{"loc":{"start":{"line":31,"column":2},"end":{"line":33,"column":null}},"type":"if","locations":[{"start":{"line":31,"column":2},"end":{"line":33,"column":null}},{"start":{"line":31,"column":2},"end":{"line":33,"column":null}}]},"3":{"loc":{"start":{"line":45,"column":40},"end":{"line":45,"column":44}},"type":"cond-expr","locations":[{"start":{"line":45,"column":40},"end":{"line":45,"column":44}},{"start":{"line":45,"column":44},"end":{"line":45,"column":46}}]},"4":{"loc":{"start":{"line":45,"column":26},"end":{"line":45,"column":44}},"type":"binary-expr","locations":[{"start":{"line":45,"column":26},"end":{"line":45,"column":44}},{"start":{"line":45,"column":40},"end":{"line":45,"column":44}}]},"5":{"loc":{"start":{"line":46,"column":2},"end":{"line":50,"column":null}},"type":"if","locations":[{"start":{"line":46,"column":2},"end":{"line":50,"column":null}},{"start":{"line":46,"column":2},"end":{"line":50,"column":null}}]},"6":{"loc":{"start":{"line":52,"column":33},"end":{"line":52,"column":37}},"type":"cond-expr","locations":[{"start":{"line":52,"column":33},"end":{"line":52,"column":37}},{"start":{"line":52,"column":37},"end":{"line":52,"column":68}}]},"7":{"loc":{"start":{"line":52,"column":4},"end":{"line":52,"column":37}},"type":"binary-expr","locations":[{"start":{"line":52,"column":4},"end":{"line":52,"column":37}},{"start":{"line":52,"column":33},"end":{"line":52,"column":37}}]},"8":{"loc":{"start":{"line":54,"column":2},"end":{"line":56,"column":null}},"type":"if","locations":[{"start":{"line":54,"column":2},"end":{"line":56,"column":null}},{"start":{"line":54,"column":2},"end":{"line":56,"column":null}}]}},"s":{"0":1,"1":1,"2":1,"3":1,"4":1,"5":1,"6":0,"7":0,"8":0,"9":0,"10":0,"11":0,"12":0,"13":1,"14":0,"15":0,"16":0,"17":0,"18":0,"19":0,"20":0,"21":0,"22":0,"23":0,"24":0,"25":0,"26":1},"f":{"0":1,"1":0,"2":0},"b":{"0":[0],"1":[0],"2":[0,0],"3":[0,0],"4":[0,0],"5":[0,0],"6":[0,0],"7":[0,0],"8":[0,0]}}
}
