{"/home/jesse/projects/SquadGames/squad-protocol/lib/src/index.ts": {"path":"/home/jesse/projects/SquadGames/squad-protocol/lib/src/index.ts","statementMap":{"0":{"start":{"line":1,"column":0},"end":{"line":1,"column":24}},"1":{"start":{"line":2,"column":0},"end":{"line":2,"column":28}},"2":{"start":{"line":3,"column":0},"end":{"line":3,"column":28}},"3":{"start":{"line":25,"column":25},"end":{"line":25,"column":75}},"4":{"start":{"line":28,"column":2},"end":{"line":28,"column":null}},"5":{"start":{"line":27,"column":0},"end":{"line":27,"column":16}},"6":{"start":{"line":32,"column":2},"end":{"line":34,"column":null}},"7":{"start":{"line":33,"column":4},"end":{"line":33,"column":null}},"8":{"start":{"line":35,"column":25},"end":{"line":35,"column":55}},"9":{"start":{"line":36,"column":21},"end":{"line":37,"column":null}},"10":{"start":{"line":39,"column":15},"end":{"line":39,"column":37}},"11":{"start":{"line":40,"column":2},"end":{"line":40,"column":null}},"12":{"start":{"line":41,"column":2},"end":{"line":41,"column":null}},"13":{"start":{"line":31,"column":0},"end":{"line":31,"column":16}},"14":{"start":{"line":45,"column":17},"end":{"line":45,"column":28}},"15":{"start":{"line":47,"column":4},"end":{"line":47,"column":68}},"16":{"start":{"line":48,"column":22},"end":{"line":48,"column":77}},"17":{"start":{"line":49,"column":2},"end":{"line":51,"column":null}},"18":{"start":{"line":50,"column":4},"end":{"line":50,"column":null}},"19":{"start":{"line":52,"column":2},"end":{"line":57,"column":null}},"20":{"start":{"line":53,"column":20},"end":{"line":53,"column":71}},"21":{"start":{"line":54,"column":4},"end":{"line":54,"column":null}},"22":{"start":{"line":56,"column":4},"end":{"line":56,"column":null}},"23":{"start":{"line":44,"column":0},"end":{"line":44,"column":16}}},"fnMap":{"0":{"name":"getConfig","decl":{"start":{"line":27,"column":16},"end":{"line":27,"column":25}},"loc":{"start":{"line":27,"column":47},"end":{"line":29,"column":1}}},"1":{"name":"writeConfig","decl":{"start":{"line":31,"column":16},"end":{"line":31,"column":27}},"loc":{"start":{"line":31,"column":69},"end":{"line":42,"column":1}}},"2":{"name":"getSecrets","decl":{"start":{"line":44,"column":16},"end":{"line":44,"column":26}},"loc":{"start":{"line":44,"column":26},"end":{"line":58,"column":1}}}},"branchMap":{"0":{"loc":{"start":{"line":27,"column":31},"end":{"line":27,"column":47}},"type":"default-arg","locations":[{"start":{"line":27,"column":31},"end":{"line":27,"column":47}}]},"1":{"loc":{"start":{"line":31,"column":60},"end":{"line":31,"column":69}},"type":"default-arg","locations":[{"start":{"line":31,"column":60},"end":{"line":31,"column":69}}]},"2":{"loc":{"start":{"line":32,"column":2},"end":{"line":34,"column":null}},"type":"if","locations":[{"start":{"line":32,"column":2},"end":{"line":34,"column":null}},{"start":{"line":32,"column":2},"end":{"line":34,"column":null}}]},"3":{"loc":{"start":{"line":47,"column":4},"end":{"line":47,"column":33}},"type":"binary-expr","locations":[{"start":{"line":47,"column":4},"end":{"line":47,"column":33}},{"start":{"line":47,"column":37},"end":{"line":47,"column":68}}]},"4":{"loc":{"start":{"line":49,"column":2},"end":{"line":51,"column":null}},"type":"if","locations":[{"start":{"line":49,"column":2},"end":{"line":51,"column":null}},{"start":{"line":49,"column":2},"end":{"line":51,"column":null}}]}},"s":{"0":1,"1":1,"2":1,"3":1,"4":1,"5":1,"6":0,"7":0,"8":0,"9":0,"10":0,"11":0,"12":0,"13":1,"14":0,"15":0,"16":0,"17":0,"18":0,"19":0,"20":0,"21":0,"22":0,"23":1},"f":{"0":1,"1":0,"2":0},"b":{"0":[0],"1":[0],"2":[0,0],"3":[0,0],"4":[0,0]}}
}
