TN:
SF:src/index.ts
FN:26,getConfig
FN:30,writeConfig
FN:43,getSecrets
FNF:3
FNH:1
FNDA:1,getConfig
FNDA:0,writeConfig
FNDA:0,getSecrets
DA:1,1
DA:2,1
DA:3,1
DA:24,1
DA:26,1
DA:27,1
DA:30,1
DA:31,0
DA:32,0
DA:34,0
DA:35,0
DA:38,0
DA:39,0
DA:40,0
DA:43,1
DA:44,0
DA:45,0
DA:46,0
DA:47,0
DA:52,0
DA:53,0
DA:54,0
DA:55,0
DA:57,0
DA:58,0
DA:59,0
DA:61,0
LF:27
LH:8
BRDA:26,0,0,0
BRDA:30,1,0,0
BRDA:31,2,0,0
BRDA:31,2,1,0
BRDA:45,3,0,0
BRDA:45,3,1,0
BRDA:45,4,0,0
BRDA:45,4,1,0
BRDA:46,5,0,0
BRDA:46,5,1,0
BRDA:52,6,0,0
BRDA:52,6,1,0
BRDA:52,7,0,0
BRDA:52,7,1,0
BRDA:54,8,0,0
BRDA:54,8,1,0
BRF:16
BRH:0
end_of_record
